<?xml version="1.0" encoding="UTF-8"?>
<!-- Generated by org.testng.reporters.JUnitReportReporter -->
<testsuite skipped="0" hostname="LAPTOP-0VKIOAG1" name="campaign.CampaignBuilderActualTestCases" tests="2" failures="0" timestamp="2021-04-11T17:52:30 IST" time="0.009" errors="0">
  <testcase name="checkCreateCampaign" time="0.003" classname="campaign.CampaignBuilderActualTestCases"/>
  <system-out/>
  <testcase name="checkEditCampaign" time="0.006" classname="campaign.CampaignBuilderActualTestCases"/>
  <system-out/>
</testsuite> <!-- campaign.CampaignBuilderActualTestCases -->
