<?xml version="1.0" encoding="UTF-8"?>
<!-- Generated by org.testng.reporters.JUnitReportReporter -->
<testsuite skipped="0" hostname="LAPTOP-0VKIOAG1" name="trackingNumber.SimpleRouteTestCases" tests="2" failures="0" timestamp="2021-04-11T17:52:30 IST" time="80.021" errors="0">
  <testcase name="login" time="47.972" classname="trackingNumber.SimpleRouteTestCases"/>
  <system-out/>
  <testcase name="createSimpleRouteTN" time="32.049" classname="trackingNumber.SimpleRouteTestCases"/>
  <system-out/>
</testsuite> <!-- trackingNumber.SimpleRouteTestCases -->
