<?xml version="1.0" encoding="UTF-8"?>
<!-- Generated by org.testng.reporters.JUnitReportReporter -->
<testsuite skipped="0" hostname="LAPTOP-0VKIOAG1" name="campaign.CampaignBuilder" tests="2" failures="0" timestamp="2021-02-25T18:23:31 IST" time="0.018" errors="0">
  <testcase name="checkCreateCampaign" time="0.015" classname="campaign.CampaignBuilder"/>
  <system-out/>
  <testcase name="checkEditCampaign" time="0.003" classname="campaign.CampaignBuilder"/>
  <system-out/>
</testsuite> <!-- campaign.CampaignBuilder -->
