<?xml version="1.0" encoding="UTF-8"?>
<!-- Generated by org.testng.reporters.JUnitReportReporter -->
<testsuite skipped="0" hostname="LAPTOP-0VKIOAG1" name="campaign.CampaignList" tests="3" failures="0" timestamp="2021-02-25T18:23:31 IST" time="0.011" errors="0">
  <testcase name="checkListOfCampaigns" time="0.003" classname="campaign.CampaignList"/>
  <system-out/>
  <testcase name="checkTrackingNumbersOfCampaign" time="0.003" classname="campaign.CampaignList"/>
  <system-out/>
  <testcase name="exportCampaignsandTrackingNumbers" time="0.005" classname="campaign.CampaignList"/>
  <system-out/>
</testsuite> <!-- campaign.CampaignList -->
