<?xml version="1.0" encoding="UTF-8"?>
<!-- Generated by org.testng.reporters.JUnitReportReporter -->
<testsuite skipped="0" hostname="LAPTOP-0VKIOAG1" name="campaign.CampaignListClassMethodAndActualTestCasesAllinOneClass" tests="3" failures="0" timestamp="2021-04-11T17:52:30 IST" time="0.011" errors="0">
  <testcase name="exportCampaignsandTrackingNumbers" time="0.003" classname="campaign.CampaignListClassMethodAndActualTestCasesAllinOneClass"/>
  <system-out/>
  <testcase name="checkListOfCampaigns" time="0.006" classname="campaign.CampaignListClassMethodAndActualTestCasesAllinOneClass"/>
  <system-out/>
  <testcase name="checkTrackingNumbersOfCampaign" time="0.002" classname="campaign.CampaignListClassMethodAndActualTestCasesAllinOneClass"/>
  <system-out/>
</testsuite> <!-- campaign.CampaignListClassMethodAndActualTestCasesAllinOneClass -->
